2025-11-19 15:59:18 [[31merror[39m] Prisma Error: 
Invalid `prisma.$queryRaw()` invocation:


Can't reach database server at `localhost:5433`

Please make sure your database server is running at `localhost:5433`.
2025-11-19 16:21:46 [[31merror[39m] Failed to deregister from Consul: not found
2025-11-19 16:29:33 [[31merror[39m] Failed to deregister from Consul: not found
2025-11-19 17:07:14 [[31merror[39m] Failed to deregister from Consul: not found
2025-11-19 17:15:44 [[31merror[39m] Error: Not allowed by CORS
    at origin (/home/lmafra/SarradaHub/sarradabet/apps/api/src/core/middleware/SecurityMiddleware.ts:176:14)
    at /home/lmafra/SarradaHub/sarradabet/node_modules/cors/lib/index.js:219:13
    at optionsCallback (/home/lmafra/SarradaHub/sarradabet/node_modules/cors/lib/index.js:199:9)
    at corsMiddleware (/home/lmafra/SarradaHub/sarradabet/node_modules/cors/lib/index.js:204:7)
    at Layer.handle [as handle_request] (/home/lmafra/SarradaHub/sarradabet/node_modules/express/lib/router/layer.js:95:5)
    at trim_prefix (/home/lmafra/SarradaHub/sarradabet/node_modules/express/lib/router/index.js:328:13)
    at /home/lmafra/SarradaHub/sarradabet/node_modules/express/lib/router/index.js:286:9
    at router.process_params (/home/lmafra/SarradaHub/sarradabet/node_modules/express/lib/router/index.js:346:12)
    at next (/home/lmafra/SarradaHub/sarradabet/node_modules/express/lib/router/index.js:280:10)
    at sanitizeRequest (/home/lmafra/SarradaHub/sarradabet/apps/api/src/core/middleware/SecurityMiddleware.ts:157:3)
2025-11-19 17:15:44 [[31merror[39m] Error: Not allowed by CORS
    at origin (/home/lmafra/SarradaHub/sarradabet/apps/api/src/core/middleware/SecurityMiddleware.ts:176:14)
    at /home/lmafra/SarradaHub/sarradabet/node_modules/cors/lib/index.js:219:13
    at optionsCallback (/home/lmafra/SarradaHub/sarradabet/node_modules/cors/lib/index.js:199:9)
    at corsMiddleware (/home/lmafra/SarradaHub/sarradabet/node_modules/cors/lib/index.js:204:7)
    at Layer.handle [as handle_request] (/home/lmafra/SarradaHub/sarradabet/node_modules/express/lib/router/layer.js:95:5)
    at trim_prefix (/home/lmafra/SarradaHub/sarradabet/node_modules/express/lib/router/index.js:328:13)
    at /home/lmafra/SarradaHub/sarradabet/node_modules/express/lib/router/index.js:286:9
    at router.process_params (/home/lmafra/SarradaHub/sarradabet/node_modules/express/lib/router/index.js:346:12)
    at next (/home/lmafra/SarradaHub/sarradabet/node_modules/express/lib/router/index.js:280:10)
    at sanitizeRequest (/home/lmafra/SarradaHub/sarradabet/apps/api/src/core/middleware/SecurityMiddleware.ts:157:3)
2025-11-19 17:15:44 [[31merror[39m] Error: Not allowed by CORS
    at origin (/home/lmafra/SarradaHub/sarradabet/apps/api/src/core/middleware/SecurityMiddleware.ts:176:14)
    at /home/lmafra/SarradaHub/sarradabet/node_modules/cors/lib/index.js:219:13
    at optionsCallback (/home/lmafra/SarradaHub/sarradabet/node_modules/cors/lib/index.js:199:9)
    at corsMiddleware (/home/lmafra/SarradaHub/sarradabet/node_modules/cors/lib/index.js:204:7)
    at Layer.handle [as handle_request] (/home/lmafra/SarradaHub/sarradabet/node_modules/express/lib/router/layer.js:95:5)
    at trim_prefix (/home/lmafra/SarradaHub/sarradabet/node_modules/express/lib/router/index.js:328:13)
    at /home/lmafra/SarradaHub/sarradabet/node_modules/express/lib/router/index.js:286:9
    at router.process_params (/home/lmafra/SarradaHub/sarradabet/node_modules/express/lib/router/index.js:346:12)
    at next (/home/lmafra/SarradaHub/sarradabet/node_modules/express/lib/router/index.js:280:10)
    at sanitizeRequest (/home/lmafra/SarradaHub/sarradabet/apps/api/src/core/middleware/SecurityMiddleware.ts:157:3)
2025-11-19 17:16:40 [[31merror[39m] Failed to deregister from Consul: not found
2025-11-19 17:28:31 [[31merror[39m] Failed to deregister from Consul: not found
2025-11-19 17:36:44 [[31merror[39m] Failed to deregister from Consul: not found
2025-11-19 17:57:16 [[31merror[39m] Failed to deregister from Consul: not found
2025-11-21 10:18:06 [[31merror[39m] Failed to deregister from Consul: not found
2025-11-21 11:18:56 [error] Validation middleware error: Validation failed
2025-11-21 11:18:56 [error] Validation middleware error: Validation failed
2025-11-21 11:18:56 [error] Validation middleware error: Validation failed
2025-11-21 11:19:12 [error] Validation middleware error: Validation failed
2025-11-21 11:19:12 [error] Validation middleware error: Validation failed
2025-11-21 11:19:12 [error] Validation middleware error: Validation failed
2025-11-21 11:19:42 [error] Validation middleware error: Validation failed
2025-11-21 11:19:42 [error] Validation middleware error: Validation failed
2025-11-21 11:19:42 [error] Validation middleware error: Validation failed
2025-11-21 11:20:25 [error] Validation middleware error: Validation failed
2025-11-21 11:20:25 [error] Validation middleware error: Validation failed
2025-11-21 11:20:25 [error] Validation middleware error: Validation failed
2025-11-21 11:23:07 [error] Validation middleware error: Validation failed
2025-11-21 11:23:07 [error] Validation middleware error: Validation failed
2025-11-21 11:23:07 [error] Validation middleware error: Validation failed
2025-11-21 11:23:39 [error] Validation middleware error: Validation failed
2025-11-21 11:23:39 [error] Validation middleware error: Validation failed
2025-11-21 11:23:39 [error] Validation middleware error: Validation failed
2025-11-21 11:24:25 [error] Validation middleware error: Validation failed
2025-11-21 11:24:25 [error] Validation middleware error: Validation failed
2025-11-21 11:24:25 [error] Validation middleware error: Validation failed
2025-11-21 11:25:07 [error] Validation middleware error: Validation failed
2025-11-21 11:25:07 [error] Validation middleware error: Validation failed
2025-11-21 11:25:07 [error] Validation middleware error: Validation failed
2025-11-21 15:56:42 [[31merror[39m] Failed to deregister from Consul: not found
2025-11-21 16:17:12 [[31merror[39m] Failed to deregister from Consul: not found
2025-11-21 16:36:41 [[31merror[39m] Failed to deregister from Consul: not found
2025-11-21 17:01:42 [[31merror[39m] Failed to deregister from Consul: not found
2025-11-21 18:15:28 [[31merror[39m] Failed to deregister from Consul: not found
2025-11-24 11:49:13 [[31merror[39m] Failed to deregister from Consul: not found
2025-11-24 12:06:55 [[31merror[39m] Failed to deregister from Consul: not found
2025-11-24 12:16:32 [[31merror[39m] Failed to deregister from Consul: not found
2025-11-24 14:11:20 [[31merror[39m] Failed to deregister from Consul: not found
2025-11-24 21:36:23 [[31merror[39m] Failed to deregister from Consul: not found
2025-11-24 22:16:30 [[31merror[39m] Failed to deregister from Consul: not found
